<?xml version="1.0" encoding="UTF-8"?>
<testng-results ignored="0" total="4" passed="4" failed="0" skipped="0">
  <reporter-output>
  </reporter-output>
  <suite started-at="2024-07-31T12:17:39Z" name="Default suite" finished-at="2024-07-31T12:18:08Z" duration-ms="28268">
    <groups>
      <group name="cucumber">
        <method signature="AbstractTestNGCucumberTests.runScenario(io.cucumber.testng.PickleWrapper, io.cucumber.testng.FeatureWrapper)[pri:0, instance:com.cucumber.runner.TestNGCucumberRunner@5e4bd84a]" name="runScenario" class="io.cucumber.testng.AbstractTestNGCucumberTests"/>
      </group> <!-- cucumber -->
    </groups>
    <test started-at="2024-07-31T12:17:39Z" name="Default test" finished-at="2024-07-31T12:18:08Z" duration-ms="28268">
      <class name="com.cucumber.runner.TestNGCucumberRunner">
        <test-method is-config="true" signature="setUpClass(org.testng.ITestContext)[pri:0, instance:com.cucumber.runner.TestNGCucumberRunner@5e4bd84a]" started-at="2024-07-31T17:47:39Z" name="setUpClass" finished-at="2024-07-31T17:47:40Z" duration-ms="260" status="PASS">
          <params>
            <param index="0">
              <value>
                <![CDATA[org.testng.TestRunner@2f2bf0e2]]>
              </value>
            </param>
          </params>
          <reporter-output>
          </reporter-output>
        </test-method> <!-- setUpClass -->
        <test-method signature="runScenario(io.cucumber.testng.PickleWrapper, io.cucumber.testng.FeatureWrapper)[pri:0, instance:com.cucumber.runner.TestNGCucumberRunner@5e4bd84a]" started-at="2024-07-31T17:47:40Z" name="runScenario" description="Runs Cucumber Scenarios" data-provider="scenarios" finished-at="2024-07-31T17:48:08Z" duration-ms="27985" status="PASS">
          <params>
            <param index="0">
              <value>
                <![CDATA["Login with invalid UserId and valid Password"]]>
              </value>
            </param>
            <param index="1">
              <value>
                <![CDATA["Optional[Guru99 Bank Login]"]]>
              </value>
            </param>
          </params>
          <reporter-output>
          </reporter-output>
        </test-method> <!-- runScenario -->
        <test-method signature="runScenario(io.cucumber.testng.PickleWrapper, io.cucumber.testng.FeatureWrapper)[pri:0, instance:com.cucumber.runner.TestNGCucumberRunner@5e4bd84a]" started-at="2024-07-31T17:47:40Z" name="runScenario" description="Runs Cucumber Scenarios" data-provider="scenarios" finished-at="2024-07-31T17:47:46Z" duration-ms="6462" status="PASS">
          <params>
            <param index="0">
              <value>
                <![CDATA["Login with invalid UserId and invalid Password"]]>
              </value>
            </param>
            <param index="1">
              <value>
                <![CDATA["Optional[Guru99 Bank Login]"]]>
              </value>
            </param>
          </params>
          <reporter-output>
          </reporter-output>
        </test-method> <!-- runScenario -->
        <test-method signature="runScenario(io.cucumber.testng.PickleWrapper, io.cucumber.testng.FeatureWrapper)[pri:0, instance:com.cucumber.runner.TestNGCucumberRunner@5e4bd84a]" started-at="2024-07-31T17:47:40Z" name="runScenario" description="Runs Cucumber Scenarios" data-provider="scenarios" finished-at="2024-07-31T17:47:50Z" duration-ms="9851" status="PASS">
          <params>
            <param index="0">
              <value>
                <![CDATA["Login with valid UserId and invalid Password"]]>
              </value>
            </param>
            <param index="1">
              <value>
                <![CDATA["Optional[Guru99 Bank Login]"]]>
              </value>
            </param>
          </params>
          <reporter-output>
          </reporter-output>
        </test-method> <!-- runScenario -->
        <test-method signature="runScenario(io.cucumber.testng.PickleWrapper, io.cucumber.testng.FeatureWrapper)[pri:0, instance:com.cucumber.runner.TestNGCucumberRunner@5e4bd84a]" started-at="2024-07-31T17:47:40Z" name="runScenario" description="Runs Cucumber Scenarios" data-provider="scenarios" finished-at="2024-07-31T17:47:49Z" duration-ms="9712" status="PASS">
          <params>
            <param index="0">
              <value>
                <![CDATA["Login with valid credentials"]]>
              </value>
            </param>
            <param index="1">
              <value>
                <![CDATA["Optional[Guru99 Bank Login]"]]>
              </value>
            </param>
          </params>
          <reporter-output>
          </reporter-output>
        </test-method> <!-- runScenario -->
        <test-method is-config="true" signature="tearDownClass()[pri:0, instance:com.cucumber.runner.TestNGCucumberRunner@5e4bd84a]" started-at="2024-07-31T17:48:08Z" name="tearDownClass" finished-at="2024-07-31T17:48:08Z" duration-ms="5" status="PASS">
          <reporter-output>
          </reporter-output>
        </test-method> <!-- tearDownClass -->
      </class> <!-- com.cucumber.runner.TestNGCucumberRunner -->
    </test> <!-- Default test -->
  </suite> <!-- Default suite -->
</testng-results>
